#
# A fatal error has been detected by the Java Runtime Environment:
#
#  Internal Error (javaClasses.cpp:129), pid=8925, tid=3062512448
#  fatal error: Invalid layout of preloaded class
#
# JRE version: 7.0_10-b18
# Java VM: Java HotSpot(TM) Server VM (23.6-b04 mixed mode linux-x86 )
# Failed to write core dump. Core dumps have been disabled. To enable core dumping, try "ulimit -c unlimited" before starting Java again
#
# If you would like to submit a bug report, please visit:
#   http://bugreport.sun.com/bugreport/crash.jsp
#

---------------  T H R E A D  ---------------

Current thread (0xb6706400):  JavaThread "Unknown thread" [_thread_in_vm, id=8930, stack(0xb6853000,0xb68a4000)]

Stack: [0xb6853000,0xb68a4000],  sp=0xb68a2d90,  free space=319k
Native frames: (J=compiled Java code, j=interpreted, Vv=VM code, C=native code)
V  [libjvm.so+0x720369]  VMError::report_and_die()+0x199
V  [libjvm.so+0x2e8d1c]  report_fatal(char const*, int, char const*)+0x4c
V  [libjvm.so+0x416830]  compute_offset(int&, klassOopDesc*, Symbol*, Symbol*, bool)+0x110
V  [libjvm.so+0x41adc4]  java_lang_String::compute_offsets()+0x44
V  [libjvm.so+0x6b5655]  SystemDictionary::initialize_preloaded_classes(Thread*)+0x225
V  [libjvm.so+0x6fd158]  Universe::genesis(Thread*)+0x3f8
V  [libjvm.so+0x6fd5cf]  universe2_init()+0x1f
V  [libjvm.so+0x3dca60]  init_globals()+0xa0
V  [libjvm.so+0x6e4b49]  Threads::create_vm(JavaVMInitArgs*, bool*)+0x1f9
V  [libjvm.so+0x4243ac]  JNI_CreateJavaVM+0x5c
C  [libjli.so+0x2668]  JavaMain+0x98
C  [libpthread.so.0+0x6d4c]  start_thread+0xcc


---------------  P R O C E S S  ---------------

Java Threads: ( => current thread )

Other Threads:

=>0xb6706400 (exited) JavaThread "Unknown thread" [_thread_in_vm, id=8930, stack(0xb6853000,0xb68a4000)]

VM state:not at safepoint (not fully initialized)

VM Mutex/Monitor currently owned by a thread: None

GC Heap History (0 events):
No events

Deoptimization events (0 events):
No events

Internal exceptions (0 events):
No events

Events (10 events):
Event: 0.004 loading class 0xb6734310 done
Event: 0.004 loading class 0xb6733c50 done
Event: 0.004 loading class 0xb6733c28
Event: 0.005 loading class 0xb6753ac0
Event: 0.005 loading class 0xb6753ac0 done
Event: 0.005 loading class 0xb6753af8
Event: 0.005 loading class 0xb6753af8 done
Event: 0.005 loading class 0xb6753b30
Event: 0.005 loading class 0xb6753b30 done
Event: 0.005 loading class 0xb6733c28 done


Dynamic libraries:
08048000-08049000 r-xp 00000000 08:05 19172990   /home/nau/java/jdk1.7.0_10/bin/java
08049000-0804a000 rw-p 00000000 08:05 19172990   /home/nau/java/jdk1.7.0_10/bin/java
094ae000-094cf000 rw-p 00000000 00:00 0          [heap]
6d075000-6d26d000 rw-p 00000000 00:00 0 
6d26d000-6d332000 r--s 0115c000 08:05 19406457   /home/nau/android-sdks/platforms/android-17/android.jar
6d332000-6ff00000 rw-p 00000000 00:00 0 
6ff00000-6ff21000 rw-p 00000000 00:00 0 
6ff21000-70000000 ---p 00000000 00:00 0 
7007f000-70080000 ---p 00000000 00:00 0 
70080000-70100000 rw-p 00000000 00:00 0 
70100000-70121000 rw-p 00000000 00:00 0 
70121000-70200000 ---p 00000000 00:00 0 
70200000-70221000 rw-p 00000000 00:00 0 
70221000-70300000 ---p 00000000 00:00 0 
7037f000-70380000 ---p 00000000 00:00 0 
70380000-70400000 rw-p 00000000 00:00 0 
70400000-70421000 rw-p 00000000 00:00 0 
70421000-70500000 ---p 00000000 00:00 0 
70578000-70579000 ---p 00000000 00:00 0 
70579000-705f9000 rw-p 00000000 00:00 0 
705f9000-705fa000 ---p 00000000 00:00 0 
705fa000-70682000 rw-p 00000000 00:00 0 
70682000-7069a000 rw-p 00000000 00:00 0 
7069a000-706af000 rw-p 00000000 00:00 0 
706af000-707e9000 rw-p 00000000 00:00 0 
707e9000-707f1000 rw-p 00000000 00:00 0 
707f1000-70809000 rw-p 00000000 00:00 0 
70809000-7081e000 rw-p 00000000 00:00 0 
7081e000-70957000 rw-p 00000000 00:00 0 
70957000-70963000 rw-p 00000000 00:00 0 
70963000-709ff000 rw-p 00000000 00:00 0 
709ff000-71a00000 rw-p 00000000 00:00 0 
71a00000-74a00000 rw-p 00000000 00:00 0 
74a00000-773e0000 rw-p 00000000 00:00 0 
773e0000-9e760000 rw-p 00000000 00:00 0 
9e760000-9fc40000 rw-p 00000000 00:00 0 
9fc40000-b3600000 rw-p 00000000 00:00 0 
b360d000-b3616000 rw-p 00000000 00:00 0 
b3616000-b36cd000 rw-p 00000000 00:00 0 
b36cd000-b390d000 rwxp 00000000 00:00 0 
b390d000-b66cd000 rw-p 00000000 00:00 0 
b66cd000-b66d8000 r-xp 00000000 08:01 3277100    /lib/i386-linux-gnu/libnss_files-2.15.so
b66d8000-b66d9000 r--p 0000a000 08:01 3277100    /lib/i386-linux-gnu/libnss_files-2.15.so
b66d9000-b66da000 rw-p 0000b000 08:01 3277100    /lib/i386-linux-gnu/libnss_files-2.15.so
b66da000-b66e4000 r-xp 00000000 08:01 3277104    /lib/i386-linux-gnu/libnss_nis-2.15.so
b66e4000-b66e5000 r--p 00009000 08:01 3277104    /lib/i386-linux-gnu/libnss_nis-2.15.so
b66e5000-b66e6000 rw-p 0000a000 08:01 3277104    /lib/i386-linux-gnu/libnss_nis-2.15.so
b66e6000-b66fc000 r-xp 00000000 08:01 3277268    /lib/i386-linux-gnu/libnsl-2.15.so
b66fc000-b66fd000 r--p 00015000 08:01 3277268    /lib/i386-linux-gnu/libnsl-2.15.so
b66fd000-b66fe000 rw-p 00016000 08:01 3277268    /lib/i386-linux-gnu/libnsl-2.15.so
b66fe000-b6700000 rw-p 00000000 00:00 0 
b6700000-b6765000 rw-p 00000000 00:00 0 
b6765000-b6800000 ---p 00000000 00:00 0 
b6806000-b681d000 r-xp 00000000 08:05 19173932   /home/nau/java/jdk1.7.0_10/jre/lib/i386/libzip.so
b681d000-b681e000 rw-p 00017000 08:05 19173932   /home/nau/java/jdk1.7.0_10/jre/lib/i386/libzip.so
b681e000-b6826000 rw-s 00000000 08:01 2228303    /tmp/hsperfdata_nau/8925
b6826000-b6849000 r-xp 00000000 08:05 19173896   /home/nau/java/jdk1.7.0_10/jre/lib/i386/libjava.so
b6849000-b684a000 rw-p 00023000 08:05 19173896   /home/nau/java/jdk1.7.0_10/jre/lib/i386/libjava.so
b684a000-b6851000 r-xp 00000000 08:01 3277103    /lib/i386-linux-gnu/librt-2.15.so
b6851000-b6852000 r--p 00006000 08:01 3277103    /lib/i386-linux-gnu/librt-2.15.so
b6852000-b6853000 rw-p 00007000 08:01 3277103    /lib/i386-linux-gnu/librt-2.15.so
b6853000-b6856000 ---p 00000000 00:00 0 
b6856000-b68a4000 rw-p 00000000 00:00 0 
b68a4000-b68ce000 r-xp 00000000 08:01 3277259    /lib/i386-linux-gnu/libm-2.15.so
b68ce000-b68cf000 r--p 00029000 08:01 3277259    /lib/i386-linux-gnu/libm-2.15.so
b68cf000-b68d0000 rw-p 0002a000 08:01 3277259    /lib/i386-linux-gnu/libm-2.15.so
b68d0000-b7089000 r-xp 00000000 08:05 19173931   /home/nau/java/jdk1.7.0_10/jre/lib/i386/server/libjvm.so
b7089000-b70db000 rw-p 007b9000 08:05 19173931   /home/nau/java/jdk1.7.0_10/jre/lib/i386/server/libjvm.so
b70db000-b74fe000 rw-p 00000000 00:00 0 
b74fe000-b76a1000 r-xp 00000000 08:01 3277096    /lib/i386-linux-gnu/libc-2.15.so
b76a1000-b76a2000 ---p 001a3000 08:01 3277096    /lib/i386-linux-gnu/libc-2.15.so
b76a2000-b76a4000 r--p 001a3000 08:01 3277096    /lib/i386-linux-gnu/libc-2.15.so
b76a4000-b76a5000 rw-p 001a5000 08:01 3277096    /lib/i386-linux-gnu/libc-2.15.so
b76a5000-b76a8000 rw-p 00000000 00:00 0 
b76a8000-b76ab000 r-xp 00000000 08:01 3277263    /lib/i386-linux-gnu/libdl-2.15.so
b76ab000-b76ac000 r--p 00002000 08:01 3277263    /lib/i386-linux-gnu/libdl-2.15.so
b76ac000-b76ad000 rw-p 00003000 08:01 3277263    /lib/i386-linux-gnu/libdl-2.15.so
b76ad000-b76c0000 r-xp 00000000 08:05 19173899   /home/nau/java/jdk1.7.0_10/jre/lib/i386/jli/libjli.so
b76c0000-b76c1000 rw-p 00012000 08:05 19173899   /home/nau/java/jdk1.7.0_10/jre/lib/i386/jli/libjli.so
b76c1000-b76c2000 rw-p 00000000 00:00 0 
b76c2000-b76d9000 r-xp 00000000 08:01 3277105    /lib/i386-linux-gnu/libpthread-2.15.so
b76d9000-b76da000 r--p 00016000 08:01 3277105    /lib/i386-linux-gnu/libpthread-2.15.so
b76da000-b76db000 rw-p 00017000 08:01 3277105    /lib/i386-linux-gnu/libpthread-2.15.so
b76db000-b76dd000 rw-p 00000000 00:00 0 
b76e1000-b76e4000 rw-p 00000000 00:00 0 
b76e4000-b76eb000 r-xp 00000000 08:01 3277098    /lib/i386-linux-gnu/libnss_compat-2.15.so
b76eb000-b76ec000 r--p 00006000 08:01 3277098    /lib/i386-linux-gnu/libnss_compat-2.15.so
b76ec000-b76ed000 rw-p 00007000 08:01 3277098    /lib/i386-linux-gnu/libnss_compat-2.15.so
b76ed000-b76ee000 rw-p 00000000 00:00 0 
b76ee000-b76ef000 r--p 00000000 00:00 0 
b76ef000-b76fa000 r-xp 00000000 08:05 19173879   /home/nau/java/jdk1.7.0_10/jre/lib/i386/libverify.so
b76fa000-b76fb000 rw-p 0000b000 08:05 19173879   /home/nau/java/jdk1.7.0_10/jre/lib/i386/libverify.so
b76fb000-b76fd000 rw-p 00000000 00:00 0 
b76fd000-b76fe000 r-xp 00000000 00:00 0          [vdso]
b76fe000-b771e000 r-xp 00000000 08:01 3277260    /lib/i386-linux-gnu/ld-2.15.so
b771e000-b771f000 r--p 0001f000 08:01 3277260    /lib/i386-linux-gnu/ld-2.15.so
b771f000-b7720000 rw-p 00020000 08:01 3277260    /lib/i386-linux-gnu/ld-2.15.so
bfa73000-bfa94000 rw-p 00000000 00:00 0          [stack]

VM Arguments:
jvm_args: -Dfile.encoding=UTF-8 -Xbootclasspath:/home/nau/android-sdks/platforms/android-17/android.jar 
java_command: com.example.dao_person.Main
Launcher Type: SUN_STANDARD

Environment Variables:
PATH=/usr/lib/lightdm/lightdm:/usr/local/sbin:/usr/local/bin:/usr/sbin:/usr/bin:/sbin:/bin:/usr/games
LD_LIBRARY_PATH=/home/nau/java/jdk1.7.0_10/jre/lib/i386/server:/home/nau/java/jdk1.7.0_10/jre/lib/i386:/home/nau/java/jdk1.7.0_10/jre/../lib/i386:/home/nau/java/jdk1.7.0_10/jre/lib/i386/client:/home/nau/java/jdk1.7.0_10/jre/lib/i386:
SHELL=/bin/bash
DISPLAY=:0.0

Signal Handlers:
SIGSEGV: [libjvm.so+0x720eb0], sa_mask[0]=0x7ffbfeff, sa_flags=0x10000004
SIGBUS: [libjvm.so+0x720eb0], sa_mask[0]=0x7ffbfeff, sa_flags=0x10000004
SIGFPE: [libjvm.so+0x5d9d00], sa_mask[0]=0x7ffbfeff, sa_flags=0x10000004
SIGPIPE: [libjvm.so+0x5d9d00], sa_mask[0]=0x7ffbfeff, sa_flags=0x10000004
SIGXFSZ: [libjvm.so+0x5d9d00], sa_mask[0]=0x7ffbfeff, sa_flags=0x10000004
SIGILL: [libjvm.so+0x5d9d00], sa_mask[0]=0x7ffbfeff, sa_flags=0x10000004
SIGUSR1: SIG_DFL, sa_mask[0]=0x00000000, sa_flags=0x00000000
SIGUSR2: [libjvm.so+0x5d95e0], sa_mask[0]=0x00000004, sa_flags=0x10000004
SIGHUP: SIG_DFL, sa_mask[0]=0x00000000, sa_flags=0x00000000
SIGINT: SIG_DFL, sa_mask[0]=0x00000000, sa_flags=0x00000000
SIGTERM: SIG_DFL, sa_mask[0]=0x00000000, sa_flags=0x00000000
SIGQUIT: SIG_DFL, sa_mask[0]=0x00000000, sa_flags=0x00000000


---------------  S Y S T E M  ---------------

OS:wheezy/sid

uname:Linux 3.2.0-38-generic-pae #61-Ubuntu SMP Tue Feb 19 12:39:51 UTC 2013 i686
libc:glibc 2.15 NPTL 2.15 
rlimit: STACK 8192k, CORE 0k, NPROC 32002, NOFILE 4096, AS infinity
load average:0.15 0.29 0.32

/proc/meminfo:
MemTotal:        4110920 kB
MemFree:          285828 kB
Buffers:          150240 kB
Cached:          1112348 kB
SwapCached:         1212 kB
Active:          2511008 kB
Inactive:        1090884 kB
Active(anon):    1873500 kB
Inactive(anon):   479996 kB
Active(file):     637508 kB
Inactive(file):   610888 kB
Unevictable:          48 kB
Mlocked:              48 kB
HighTotal:       3264136 kB
HighFree:          62244 kB
LowTotal:         846784 kB
LowFree:          223584 kB
SwapTotal:      48826364 kB
SwapFree:       48818488 kB
Dirty:               192 kB
Writeback:             0 kB
AnonPages:       2338264 kB
Mapped:           300660 kB
Shmem:             14340 kB
Slab:             126560 kB
SReclaimable:     104836 kB
SUnreclaim:        21724 kB
KernelStack:        4088 kB
PageTables:        13848 kB
NFS_Unstable:          0 kB
Bounce:                0 kB
WritebackTmp:          0 kB
CommitLimit:    50881824 kB
Committed_AS:    5400732 kB
VmallocTotal:     122880 kB
VmallocUsed:       62148 kB
VmallocChunk:      52788 kB
HardwareCorrupted:     0 kB
AnonHugePages:         0 kB
HugePages_Total:       0
HugePages_Free:        0
HugePages_Rsvd:        0
HugePages_Surp:        0
Hugepagesize:       2048 kB
DirectMap4k:      647160 kB
DirectMap2M:      266240 kB


CPU:total 4 (2 cores per cpu, 2 threads per core) family 6 model 42 stepping 7, cmov, cx8, fxsr, mmx, sse, sse2, sse3, ssse3, sse4.1, sse4.2, popcnt, avx, ht, tsc, tscinvbit

/proc/cpuinfo:
processor	: 0
vendor_id	: GenuineIntel
cpu family	: 6
model		: 42
model name	: Intel(R) Core(TM) i3-2120 CPU @ 3.30GHz
stepping	: 7
microcode	: 0x23
cpu MHz		: 3300.000
cache size	: 3072 KB
physical id	: 0
siblings	: 4
core id		: 0
cpu cores	: 2
apicid		: 0
initial apicid	: 0
fdiv_bug	: no
hlt_bug		: no
f00f_bug	: no
coma_bug	: no
fpu		: yes
fpu_exception	: yes
cpuid level	: 13
wp		: yes
flags		: fpu vme de pse tsc msr pae mce cx8 apic sep mtrr pge mca cmov pat pse36 clflush dts acpi mmx fxsr sse sse2 ss ht tm pbe nx rdtscp lm constant_tsc arch_perfmon pebs bts xtopology nonstop_tsc aperfmperf pni pclmulqdq dtes64 monitor ds_cpl vmx est tm2 ssse3 cx16 xtpr pdcm pcid sse4_1 sse4_2 popcnt tsc_deadline_timer xsave avx lahf_lm arat epb xsaveopt pln pts dtherm tpr_shadow vnmi flexpriority ept vpid
bogomips	: 6585.07
clflush size	: 64
cache_alignment	: 64
address sizes	: 36 bits physical, 48 bits virtual
power management:

processor	: 1
vendor_id	: GenuineIntel
cpu family	: 6
model		: 42
model name	: Intel(R) Core(TM) i3-2120 CPU @ 3.30GHz
stepping	: 7
microcode	: 0x23
cpu MHz		: 1600.000
cache size	: 3072 KB
physical id	: 0
siblings	: 4
core id		: 1
cpu cores	: 2
apicid		: 2
initial apicid	: 2
fdiv_bug	: no
hlt_bug		: no
f00f_bug	: no
coma_bug	: no
fpu		: yes
fpu_exception	: yes
cpuid level	: 13
wp		: yes
flags		: fpu vme de pse tsc msr pae mce cx8 apic sep mtrr pge mca cmov pat pse36 clflush dts acpi mmx fxsr sse sse2 ss ht tm pbe nx rdtscp lm constant_tsc arch_perfmon pebs bts xtopology nonstop_tsc aperfmperf pni pclmulqdq dtes64 monitor ds_cpl vmx est tm2 ssse3 cx16 xtpr pdcm pcid sse4_1 sse4_2 popcnt tsc_deadline_timer xsave avx lahf_lm arat epb xsaveopt pln pts dtherm tpr_shadow vnmi flexpriority ept vpid
bogomips	: 6584.73
clflush size	: 64
cache_alignment	: 64
address sizes	: 36 bits physical, 48 bits virtual
power management:

processor	: 2
vendor_id	: GenuineIntel
cpu family	: 6
model		: 42
model name	: Intel(R) Core(TM) i3-2120 CPU @ 3.30GHz
stepping	: 7
microcode	: 0x23
cpu MHz		: 1600.000
cache size	: 3072 KB
physical id	: 0
siblings	: 4
core id		: 0
cpu cores	: 2
apicid		: 1
initial apicid	: 1
fdiv_bug	: no
hlt_bug		: no
f00f_bug	: no
coma_bug	: no
fpu		: yes
fpu_exception	: yes
cpuid level	: 13
wp		: yes
flags		: fpu vme de pse tsc msr pae mce cx8 apic sep mtrr pge mca cmov pat pse36 clflush dts acpi mmx fxsr sse sse2 ss ht tm pbe nx rdtscp lm constant_tsc arch_perfmon pebs bts xtopology nonstop_tsc aperfmperf pni pclmulqdq dtes64 monitor ds_cpl vmx est tm2 ssse3 cx16 xtpr pdcm pcid sse4_1 sse4_2 popcnt tsc_deadline_timer xsave avx lahf_lm arat epb xsaveopt pln pts dtherm tpr_shadow vnmi flexpriority ept vpid
bogomips	: 6584.73
clflush size	: 64
cache_alignment	: 64
address sizes	: 36 bits physical, 48 bits virtual
power management:

processor	: 3
vendor_id	: GenuineIntel
cpu family	: 6
model		: 42
model name	: Intel(R) Core(TM) i3-2120 CPU @ 3.30GHz
stepping	: 7
microcode	: 0x23
cpu MHz		: 3300.000
cache size	: 3072 KB
physical id	: 0
siblings	: 4
core id		: 1
cpu cores	: 2
apicid		: 3
initial apicid	: 3
fdiv_bug	: no
hlt_bug		: no
f00f_bug	: no
coma_bug	: no
fpu		: yes
fpu_exception	: yes
cpuid level	: 13
wp		: yes
flags		: fpu vme de pse tsc msr pae mce cx8 apic sep mtrr pge mca cmov pat pse36 clflush dts acpi mmx fxsr sse sse2 ss ht tm pbe nx rdtscp lm constant_tsc arch_perfmon pebs bts xtopology nonstop_tsc aperfmperf pni pclmulqdq dtes64 monitor ds_cpl vmx est tm2 ssse3 cx16 xtpr pdcm pcid sse4_1 sse4_2 popcnt tsc_deadline_timer xsave avx lahf_lm arat epb xsaveopt pln pts dtherm tpr_shadow vnmi flexpriority ept vpid
bogomips	: 6584.72
clflush size	: 64
cache_alignment	: 64
address sizes	: 36 bits physical, 48 bits virtual
power management:



Memory: 4k page, physical 4110920k(285828k free), swap 48826364k(48818488k free)

vm_info: Java HotSpot(TM) Server VM (23.6-b04) for linux-x86 JRE (1.7.0_10-b18), built on Nov 28 2012 04:28:35 by "java_re" with gcc 4.3.0 20080428 (Red Hat 4.3.0-8)

time: Thu Feb 28 14:01:12 2013
elapsed time: 0 seconds

