#
# A fatal error has been detected by the Java Runtime Environment:
#
#  Internal Error (javaClasses.cpp:129), pid=9242, tid=3062397760
#  fatal error: Invalid layout of preloaded class
#
# JRE version: 7.0_10-b18
# Java VM: Java HotSpot(TM) Server VM (23.6-b04 mixed mode linux-x86 )
# Failed to write core dump. Core dumps have been disabled. To enable core dumping, try "ulimit -c unlimited" before starting Java again
#
# If you would like to submit a bug report, please visit:
#   http://bugreport.sun.com/bugreport/crash.jsp
#

---------------  T H R E A D  ---------------

Current thread (0xb6706400):  JavaThread "Unknown thread" [_thread_in_vm, id=9248, stack(0xb6837000,0xb6888000)]

Stack: [0xb6837000,0xb6888000],  sp=0xb6886d90,  free space=319k
Native frames: (J=compiled Java code, j=interpreted, Vv=VM code, C=native code)
V  [libjvm.so+0x720369]  VMError::report_and_die()+0x199
V  [libjvm.so+0x2e8d1c]  report_fatal(char const*, int, char const*)+0x4c
V  [libjvm.so+0x416830]  compute_offset(int&, klassOopDesc*, Symbol*, Symbol*, bool)+0x110
V  [libjvm.so+0x41adc4]  java_lang_String::compute_offsets()+0x44
V  [libjvm.so+0x6b5655]  SystemDictionary::initialize_preloaded_classes(Thread*)+0x225
V  [libjvm.so+0x6fd158]  Universe::genesis(Thread*)+0x3f8
V  [libjvm.so+0x6fd5cf]  universe2_init()+0x1f
V  [libjvm.so+0x3dca60]  init_globals()+0xa0
V  [libjvm.so+0x6e4b49]  Threads::create_vm(JavaVMInitArgs*, bool*)+0x1f9
V  [libjvm.so+0x4243ac]  JNI_CreateJavaVM+0x5c
C  [libjli.so+0x2668]  JavaMain+0x98
C  [libpthread.so.0+0x6d4c]  start_thread+0xcc


---------------  P R O C E S S  ---------------

Java Threads: ( => current thread )

Other Threads:

=>0xb6706400 (exited) JavaThread "Unknown thread" [_thread_in_vm, id=9248, stack(0xb6837000,0xb6888000)]

VM state:not at safepoint (not fully initialized)

VM Mutex/Monitor currently owned by a thread: None

GC Heap History (0 events):
No events

Deoptimization events (0 events):
No events

Internal exceptions (0 events):
No events

Events (10 events):
Event: 0.035 loading class 0xb6734310 done
Event: 0.035 loading class 0xb6733c50 done
Event: 0.035 loading class 0xb6733c28
Event: 0.035 loading class 0xb6753ac0
Event: 0.035 loading class 0xb6753ac0 done
Event: 0.035 loading class 0xb6753af8
Event: 0.035 loading class 0xb6753af8 done
Event: 0.035 loading class 0xb6753b30
Event: 0.035 loading class 0xb6753b30 done
Event: 0.035 loading class 0xb6733c28 done


Dynamic libraries:
08048000-08049000 r-xp 00000000 08:05 19172990   /home/nau/java/jdk1.7.0_10/bin/java
08049000-0804a000 rw-p 00000000 08:05 19172990   /home/nau/java/jdk1.7.0_10/bin/java
08db4000-08dd5000 rw-p 00000000 00:00 0          [heap]
6d075000-6d26d000 rw-p 00000000 00:00 0 
6d26d000-6d332000 r--s 0115c000 08:05 19406457   /home/nau/android-sdks/platforms/android-17/android.jar
6d332000-6ff00000 rw-p 00000000 00:00 0 
6ff00000-6ff21000 rw-p 00000000 00:00 0 
6ff21000-70000000 ---p 00000000 00:00 0 
7007f000-70080000 ---p 00000000 00:00 0 
70080000-70100000 rw-p 00000000 00:00 0 
70100000-70121000 rw-p 00000000 00:00 0 
70121000-70200000 ---p 00000000 00:00 0 
70200000-70221000 rw-p 00000000 00:00 0 
70221000-70300000 ---p 00000000 00:00 0 
7037f000-70380000 ---p 00000000 00:00 0 
70380000-70400000 rw-p 00000000 00:00 0 
70400000-70421000 rw-p 00000000 00:00 0 
70421000-70500000 ---p 00000000 00:00 0 
70558000-70559000 ---p 00000000 00:00 0 
70559000-705d9000 rw-p 00000000 00:00 0 
705d9000-705da000 ---p 00000000 00:00 0 
705da000-70662000 rw-p 00000000 00:00 0 
70662000-7067a000 rw-p 00000000 00:00 0 
7067a000-7068f000 rw-p 00000000 00:00 0 
7068f000-707c9000 rw-p 00000000 00:00 0 
707c9000-707d1000 rw-p 00000000 00:00 0 
707d1000-707e9000 rw-p 00000000 00:00 0 
707e9000-707fe000 rw-p 00000000 00:00 0 
707fe000-70937000 rw-p 00000000 00:00 0 
70937000-70943000 rw-p 00000000 00:00 0 
70943000-709df000 rw-p 00000000 00:00 0 
709df000-719e0000 rw-p 00000000 00:00 0 
719e0000-749e0000 rw-p 00000000 00:00 0 
749e0000-773c0000 rw-p 00000000 00:00 0 
773c0000-9e740000 rw-p 00000000 00:00 0 
9e740000-9fc20000 rw-p 00000000 00:00 0 
9fc20000-b35e0000 rw-p 00000000 00:00 0 
b35ef000-b35f8000 rw-p 00000000 00:00 0 
b35f8000-b36af000 rw-p 00000000 00:00 0 
b36af000-b38ef000 rwxp 00000000 00:00 0 
b38ef000-b66af000 rw-p 00000000 00:00 0 
b66af000-b66ba000 r-xp 00000000 08:01 3277100    /lib/i386-linux-gnu/libnss_files-2.15.so
b66ba000-b66bb000 r--p 0000a000 08:01 3277100    /lib/i386-linux-gnu/libnss_files-2.15.so
b66bb000-b66bc000 rw-p 0000b000 08:01 3277100    /lib/i386-linux-gnu/libnss_files-2.15.so
b66bc000-b66c6000 r-xp 00000000 08:01 3277104    /lib/i386-linux-gnu/libnss_nis-2.15.so
b66c6000-b66c7000 r--p 00009000 08:01 3277104    /lib/i386-linux-gnu/libnss_nis-2.15.so
b66c7000-b66c8000 rw-p 0000a000 08:01 3277104    /lib/i386-linux-gnu/libnss_nis-2.15.so
b66c8000-b66de000 r-xp 00000000 08:01 3277268    /lib/i386-linux-gnu/libnsl-2.15.so
b66de000-b66df000 r--p 00015000 08:01 3277268    /lib/i386-linux-gnu/libnsl-2.15.so
b66df000-b66e0000 rw-p 00016000 08:01 3277268    /lib/i386-linux-gnu/libnsl-2.15.so
b66e0000-b66e2000 rw-p 00000000 00:00 0 
b66e8000-b66ff000 r-xp 00000000 08:05 19173932   /home/nau/java/jdk1.7.0_10/jre/lib/i386/libzip.so
b66ff000-b6700000 rw-p 00017000 08:05 19173932   /home/nau/java/jdk1.7.0_10/jre/lib/i386/libzip.so
b6700000-b6765000 rw-p 00000000 00:00 0 
b6765000-b6800000 ---p 00000000 00:00 0 
b6802000-b680a000 rw-s 00000000 08:01 2228365    /tmp/hsperfdata_nau/9242
b680a000-b682d000 r-xp 00000000 08:05 19173896   /home/nau/java/jdk1.7.0_10/jre/lib/i386/libjava.so
b682d000-b682e000 rw-p 00023000 08:05 19173896   /home/nau/java/jdk1.7.0_10/jre/lib/i386/libjava.so
b682e000-b6835000 r-xp 00000000 08:01 3277103    /lib/i386-linux-gnu/librt-2.15.so
b6835000-b6836000 r--p 00006000 08:01 3277103    /lib/i386-linux-gnu/librt-2.15.so
b6836000-b6837000 rw-p 00007000 08:01 3277103    /lib/i386-linux-gnu/librt-2.15.so
b6837000-b683a000 ---p 00000000 00:00 0 
b683a000-b6888000 rw-p 00000000 00:00 0 
b6888000-b68b2000 r-xp 00000000 08:01 3277259    /lib/i386-linux-gnu/libm-2.15.so
b68b2000-b68b3000 r--p 00029000 08:01 3277259    /lib/i386-linux-gnu/libm-2.15.so
b68b3000-b68b4000 rw-p 0002a000 08:01 3277259    /lib/i386-linux-gnu/libm-2.15.so
b68b4000-b706d000 r-xp 00000000 08:05 19173931   /home/nau/java/jdk1.7.0_10/jre/lib/i386/server/libjvm.so
b706d000-b70bf000 rw-p 007b9000 08:05 19173931   /home/nau/java/jdk1.7.0_10/jre/lib/i386/server/libjvm.so
b70bf000-b74e2000 rw-p 00000000 00:00 0 
b74e2000-b7685000 r-xp 00000000 08:01 3277096    /lib/i386-linux-gnu/libc-2.15.so
b7685000-b7686000 ---p 001a3000 08:01 3277096    /lib/i386-linux-gnu/libc-2.15.so
b7686000-b7688000 r--p 001a3000 08:01 3277096    /lib/i386-linux-gnu/libc-2.15.so
b7688000-b7689000 rw-p 001a5000 08:01 3277096    /lib/i386-linux-gnu/libc-2.15.so
b7689000-b768c000 rw-p 00000000 00:00 0 
b768c000-b768f000 r-xp 00000000 08:01 3277263    /lib/i386-linux-gnu/libdl-2.15.so
b768f000-b7690000 r--p 00002000 08:01 3277263    /lib/i386-linux-gnu/libdl-2.15.so
b7690000-b7691000 rw-p 00003000 08:01 3277263    /lib/i386-linux-gnu/libdl-2.15.so
b7691000-b76a4000 r-xp 00000000 08:05 19173899   /home/nau/java/jdk1.7.0_10/jre/lib/i386/jli/libjli.so
b76a4000-b76a5000 rw-p 00012000 08:05 19173899   /home/nau/java/jdk1.7.0_10/jre/lib/i386/jli/libjli.so
b76a5000-b76a6000 rw-p 00000000 00:00 0 
b76a6000-b76bd000 r-xp 00000000 08:01 3277105    /lib/i386-linux-gnu/libpthread-2.15.so
b76bd000-b76be000 r--p 00016000 08:01 3277105    /lib/i386-linux-gnu/libpthread-2.15.so
b76be000-b76bf000 rw-p 00017000 08:01 3277105    /lib/i386-linux-gnu/libpthread-2.15.so
b76bf000-b76c1000 rw-p 00000000 00:00 0 
b76c5000-b76c8000 rw-p 00000000 00:00 0 
b76c8000-b76cf000 r-xp 00000000 08:01 3277098    /lib/i386-linux-gnu/libnss_compat-2.15.so
b76cf000-b76d0000 r--p 00006000 08:01 3277098    /lib/i386-linux-gnu/libnss_compat-2.15.so
b76d0000-b76d1000 rw-p 00007000 08:01 3277098    /lib/i386-linux-gnu/libnss_compat-2.15.so
b76d1000-b76d2000 rw-p 00000000 00:00 0 
b76d2000-b76d3000 r--p 00000000 00:00 0 
b76d3000-b76de000 r-xp 00000000 08:05 19173879   /home/nau/java/jdk1.7.0_10/jre/lib/i386/libverify.so
b76de000-b76df000 rw-p 0000b000 08:05 19173879   /home/nau/java/jdk1.7.0_10/jre/lib/i386/libverify.so
b76df000-b76e1000 rw-p 00000000 00:00 0 
b76e1000-b76e2000 r-xp 00000000 00:00 0          [vdso]
b76e2000-b7702000 r-xp 00000000 08:01 3277260    /lib/i386-linux-gnu/ld-2.15.so
b7702000-b7703000 r--p 0001f000 08:01 3277260    /lib/i386-linux-gnu/ld-2.15.so
b7703000-b7704000 rw-p 00020000 08:01 3277260    /lib/i386-linux-gnu/ld-2.15.so
bfb80000-bfba1000 rw-p 00000000 00:00 0          [stack]

VM Arguments:
jvm_args: -Dfile.encoding=UTF-8 -Xbootclasspath:/home/nau/android-sdks/platforms/android-17/android.jar 
java_command: com.example.dao_person.Main
Launcher Type: SUN_STANDARD

Environment Variables:
PATH=/usr/lib/lightdm/lightdm:/usr/local/sbin:/usr/local/bin:/usr/sbin:/usr/bin:/sbin:/bin:/usr/games
LD_LIBRARY_PATH=/home/nau/java/jdk1.7.0_10/jre/lib/i386/server:/home/nau/java/jdk1.7.0_10/jre/lib/i386:/home/nau/java/jdk1.7.0_10/jre/../lib/i386:/home/nau/java/jdk1.7.0_10/jre/lib/i386/client:/home/nau/java/jdk1.7.0_10/jre/lib/i386:
SHELL=/bin/bash
DISPLAY=:0.0

Signal Handlers:
SIGSEGV: [libjvm.so+0x720eb0], sa_mask[0]=0x7ffbfeff, sa_flags=0x10000004
SIGBUS: [libjvm.so+0x720eb0], sa_mask[0]=0x7ffbfeff, sa_flags=0x10000004
SIGFPE: [libjvm.so+0x5d9d00], sa_mask[0]=0x7ffbfeff, sa_flags=0x10000004
SIGPIPE: [libjvm.so+0x5d9d00], sa_mask[0]=0x7ffbfeff, sa_flags=0x10000004
SIGXFSZ: [libjvm.so+0x5d9d00], sa_mask[0]=0x7ffbfeff, sa_flags=0x10000004
SIGILL: [libjvm.so+0x5d9d00], sa_mask[0]=0x7ffbfeff, sa_flags=0x10000004
SIGUSR1: SIG_DFL, sa_mask[0]=0x00000000, sa_flags=0x00000000
SIGUSR2: [libjvm.so+0x5d95e0], sa_mask[0]=0x00000004, sa_flags=0x10000004
SIGHUP: SIG_DFL, sa_mask[0]=0x00000000, sa_flags=0x00000000
SIGINT: SIG_DFL, sa_mask[0]=0x00000000, sa_flags=0x00000000
SIGTERM: SIG_DFL, sa_mask[0]=0x00000000, sa_flags=0x00000000
SIGQUIT: SIG_DFL, sa_mask[0]=0x00000000, sa_flags=0x00000000


---------------  S Y S T E M  ---------------

OS:wheezy/sid

uname:Linux 3.2.0-38-generic-pae #61-Ubuntu SMP Tue Feb 19 12:39:51 UTC 2013 i686
libc:glibc 2.15 NPTL 2.15 
rlimit: STACK 8192k, CORE 0k, NPROC 32002, NOFILE 4096, AS infinity
load average:0.14 0.32 0.39

/proc/meminfo:
MemTotal:        4110920 kB
MemFree:          221352 kB
Buffers:           58544 kB
Cached:           829052 kB
SwapCached:         3948 kB
Active:          2661956 kB
Inactive:        1018204 kB
Active(anon):    2238396 kB
Inactive(anon):   576056 kB
Active(file):     423560 kB
Inactive(file):   442148 kB
Unevictable:          48 kB
Mlocked:              48 kB
HighTotal:       3264136 kB
HighFree:          40544 kB
LowTotal:         846784 kB
LowFree:          180808 kB
SwapTotal:      48826364 kB
SwapFree:       48800936 kB
Dirty:               512 kB
Writeback:             0 kB
AnonPages:       2789344 kB
Mapped:           236860 kB
Shmem:             21272 kB
Slab:             102560 kB
SReclaimable:      80612 kB
SUnreclaim:        21948 kB
KernelStack:        4152 kB
PageTables:        14984 kB
NFS_Unstable:          0 kB
Bounce:                0 kB
WritebackTmp:          0 kB
CommitLimit:    50881824 kB
Committed_AS:    7088876 kB
VmallocTotal:     122880 kB
VmallocUsed:       62300 kB
VmallocChunk:      52788 kB
HardwareCorrupted:     0 kB
AnonHugePages:         0 kB
HugePages_Total:       0
HugePages_Free:        0
HugePages_Rsvd:        0
HugePages_Surp:        0
Hugepagesize:       2048 kB
DirectMap4k:      647160 kB
DirectMap2M:      266240 kB


CPU:total 4 (2 cores per cpu, 2 threads per core) family 6 model 42 stepping 7, cmov, cx8, fxsr, mmx, sse, sse2, sse3, ssse3, sse4.1, sse4.2, popcnt, avx, ht, tsc, tscinvbit

/proc/cpuinfo:
processor	: 0
vendor_id	: GenuineIntel
cpu family	: 6
model		: 42
model name	: Intel(R) Core(TM) i3-2120 CPU @ 3.30GHz
stepping	: 7
microcode	: 0x23
cpu MHz		: 3300.000
cache size	: 3072 KB
physical id	: 0
siblings	: 4
core id		: 0
cpu cores	: 2
apicid		: 0
initial apicid	: 0
fdiv_bug	: no
hlt_bug		: no
f00f_bug	: no
coma_bug	: no
fpu		: yes
fpu_exception	: yes
cpuid level	: 13
wp		: yes
flags		: fpu vme de pse tsc msr pae mce cx8 apic sep mtrr pge mca cmov pat pse36 clflush dts acpi mmx fxsr sse sse2 ss ht tm pbe nx rdtscp lm constant_tsc arch_perfmon pebs bts xtopology nonstop_tsc aperfmperf pni pclmulqdq dtes64 monitor ds_cpl vmx est tm2 ssse3 cx16 xtpr pdcm pcid sse4_1 sse4_2 popcnt tsc_deadline_timer xsave avx lahf_lm arat epb xsaveopt pln pts dtherm tpr_shadow vnmi flexpriority ept vpid
bogomips	: 6585.07
clflush size	: 64
cache_alignment	: 64
address sizes	: 36 bits physical, 48 bits virtual
power management:

processor	: 1
vendor_id	: GenuineIntel
cpu family	: 6
model		: 42
model name	: Intel(R) Core(TM) i3-2120 CPU @ 3.30GHz
stepping	: 7
microcode	: 0x23
cpu MHz		: 1600.000
cache size	: 3072 KB
physical id	: 0
siblings	: 4
core id		: 1
cpu cores	: 2
apicid		: 2
initial apicid	: 2
fdiv_bug	: no
hlt_bug		: no
f00f_bug	: no
coma_bug	: no
fpu		: yes
fpu_exception	: yes
cpuid level	: 13
wp		: yes
flags		: fpu vme de pse tsc msr pae mce cx8 apic sep mtrr pge mca cmov pat pse36 clflush dts acpi mmx fxsr sse sse2 ss ht tm pbe nx rdtscp lm constant_tsc arch_perfmon pebs bts xtopology nonstop_tsc aperfmperf pni pclmulqdq dtes64 monitor ds_cpl vmx est tm2 ssse3 cx16 xtpr pdcm pcid sse4_1 sse4_2 popcnt tsc_deadline_timer xsave avx lahf_lm arat epb xsaveopt pln pts dtherm tpr_shadow vnmi flexpriority ept vpid
bogomips	: 6584.73
clflush size	: 64
cache_alignment	: 64
address sizes	: 36 bits physical, 48 bits virtual
power management:

processor	: 2
vendor_id	: GenuineIntel
cpu family	: 6
model		: 42
model name	: Intel(R) Core(TM) i3-2120 CPU @ 3.30GHz
stepping	: 7
microcode	: 0x23
cpu MHz		: 3300.000
cache size	: 3072 KB
physical id	: 0
siblings	: 4
core id		: 0
cpu cores	: 2
apicid		: 1
initial apicid	: 1
fdiv_bug	: no
hlt_bug		: no
f00f_bug	: no
coma_bug	: no
fpu		: yes
fpu_exception	: yes
cpuid level	: 13
wp		: yes
flags		: fpu vme de pse tsc msr pae mce cx8 apic sep mtrr pge mca cmov pat pse36 clflush dts acpi mmx fxsr sse sse2 ss ht tm pbe nx rdtscp lm constant_tsc arch_perfmon pebs bts xtopology nonstop_tsc aperfmperf pni pclmulqdq dtes64 monitor ds_cpl vmx est tm2 ssse3 cx16 xtpr pdcm pcid sse4_1 sse4_2 popcnt tsc_deadline_timer xsave avx lahf_lm arat epb xsaveopt pln pts dtherm tpr_shadow vnmi flexpriority ept vpid
bogomips	: 6584.73
clflush size	: 64
cache_alignment	: 64
address sizes	: 36 bits physical, 48 bits virtual
power management:

processor	: 3
vendor_id	: GenuineIntel
cpu family	: 6
model		: 42
model name	: Intel(R) Core(TM) i3-2120 CPU @ 3.30GHz
stepping	: 7
microcode	: 0x23
cpu MHz		: 1600.000
cache size	: 3072 KB
physical id	: 0
siblings	: 4
core id		: 1
cpu cores	: 2
apicid		: 3
initial apicid	: 3
fdiv_bug	: no
hlt_bug		: no
f00f_bug	: no
coma_bug	: no
fpu		: yes
fpu_exception	: yes
cpuid level	: 13
wp		: yes
flags		: fpu vme de pse tsc msr pae mce cx8 apic sep mtrr pge mca cmov pat pse36 clflush dts acpi mmx fxsr sse sse2 ss ht tm pbe nx rdtscp lm constant_tsc arch_perfmon pebs bts xtopology nonstop_tsc aperfmperf pni pclmulqdq dtes64 monitor ds_cpl vmx est tm2 ssse3 cx16 xtpr pdcm pcid sse4_1 sse4_2 popcnt tsc_deadline_timer xsave avx lahf_lm arat epb xsaveopt pln pts dtherm tpr_shadow vnmi flexpriority ept vpid
bogomips	: 6584.72
clflush size	: 64
cache_alignment	: 64
address sizes	: 36 bits physical, 48 bits virtual
power management:



Memory: 4k page, physical 4110920k(221352k free), swap 48826364k(48800936k free)

vm_info: Java HotSpot(TM) Server VM (23.6-b04) for linux-x86 JRE (1.7.0_10-b18), built on Nov 28 2012 04:28:35 by "java_re" with gcc 4.3.0 20080428 (Red Hat 4.3.0-8)

time: Thu Feb 28 14:20:34 2013
elapsed time: 0 seconds

